<?xml version="1.0" encoding="UTF-8"?>
<testsuite xmlns:xsi="http://www.w3.org/2001/XMLSchema-instance" xsi:noNamespaceSchemaLocation="https://maven.apache.org/surefire/maven-surefire-plugin/xsd/surefire-test-report-3.0.xsd" version="3.0" name="TestSuite" time="59.798" tests="40" errors="0" skipped="37" failures="2">
  <properties>
[...]
</properties>
  <testcase name="validate_Languages" classname="tests.AmazonTests" time="34.798">
    <system-out><![CDATA[[TestNGContentHandler] [WARN] It is strongly recommended to add "<!DOCTYPE suite SYSTEM "http://testng.org/testng-1.0.dtd" >" at the top of your file, otherwise TestNG may fail or not work as expected.
]]></system-out>
    <system-err><![CDATA[SLF4J: Class path contains multiple SLF4J bindings.
SLF4J: Found binding in [jar:file:/Users/mallikarjunamg/.m2/repository/org/slf4j/slf4j-simple/1.7.21/slf4j-simple-1.7.21.jar!/org/slf4j/impl/StaticLoggerBinder.class]
SLF4J: Found binding in [jar:file:/Users/mallikarjunamg/.m2/repository/ch/qos/logback/logback-classic/1.2.3/logback-classic-1.2.3.jar!/org/slf4j/impl/StaticLoggerBinder.class]
SLF4J: See http://www.slf4j.org/codes.html#multiple_bindings for an explanation.
SLF4J: Actual binding is of type [org.slf4j.impl.SimpleLoggerFactory]
[main] INFO io.github.bonigarcia.wdm.WebDriverManager - Using chromedriver 113.0.5672.63 (resolved driver for Chrome 113)
[main] INFO io.github.bonigarcia.wdm.WebDriverManager - Exporting webdriver.chrome.driver as /Users/mallikarjunamg/.cache/selenium/chromedriver/mac64/113.0.5672.63/chromedriver
Starting ChromeDriver 113.0.5672.63 (0e1a4471d5ae5bf128b1bd8f4d627c8cbd55f70c-refs/branch-heads/5672@{#912}) on port 50369
Only local connections are allowed.
Please see https://chromedriver.chromium.org/security-considerations for suggestions on keeping ChromeDriver safe.
ChromeDriver was started successfully.
Jun 07, 2023 12:35:36 AM org.openqa.selenium.remote.ProtocolHandshake createSession
INFO: Detected upstream dialect: W3C
Jun 07, 2023 12:35:36 AM org.openqa.selenium.devtools.CdpVersionFinder findNearestMatch
WARNING: Unable to find an exact match for CDP version 113, so returning the closest version found: a no-op implementation
Jun 07, 2023 12:35:36 AM org.openqa.selenium.devtools.CdpVersionFinder findNearestMatch
INFO: Unable to find CDP implementation matching 113.
Jun 07, 2023 12:35:36 AM org.openqa.selenium.chromium.ChromiumDriver lambda$new$3
WARNING: Unable to find version of CDP to use for . You may need to include a dependency on a specific version of the CDP using something similar to `org.seleniumhq.selenium:selenium-devtools-v86:4.4.0` where the version ("v86") matches the version of the chromium-based browser you're using and the version number of the artifact is the same as Selenium's.
]]></system-err>
  </testcase>
  <testcase name="validate_SearchDropdownOptions" classname="tests.AmazonTests" time="0.308">
    <failure message="invalid session id&#10;Build info: version: &apos;4.4.0&apos;, revision: &apos;e5c75ed026a&apos;&#10;System info: host: &apos;Saarthi-C02G99Q2Q6L4.local&apos;, ip: &apos;2409:40f2:26:8c51:84b2:6990:d89e:678%en0&apos;, os.name: &apos;Mac OS X&apos;, os.arch: &apos;x86_64&apos;, os.version: &apos;12.4&apos;, java.version: &apos;1.8.0_361&apos;&#10;Driver info: org.openqa.selenium.chrome.ChromeDriver&#10;Command: [8ab134f73d46ff802238d010fe5ee4bf, findElement {using=xpath, value=//select[@title=&apos;Search in&apos;]}]&#10;Capabilities {acceptInsecureCerts: false, browserName: chrome, browserVersion: 113.0.5672.126, chrome: {chromedriverVersion: 113.0.5672.63 (0e1a4471d5ae..., userDataDir: /var/folders/38/0wmr0nvn5wd...}, goog:chromeOptions: {debuggerAddress: localhost:55759}, networkConnectionEnabled: false, pageLoadStrategy: normal, platformName: MAC, proxy: Proxy(), se:cdp: ws://localhost:55759/devtoo..., se:cdpVersion: 113.0.5672.126, setWindowRect: true, strictFileInteractability: false, timeouts: {implicit: 0, pageLoad: 300000, script: 30000}, unhandledPromptBehavior: dismiss and notify, webauthn:extension:credBlob: true, webauthn:extension:largeBlob: true, webauthn:extension:minPinLength: true, webauthn:extension:prf: true, webauthn:virtualAuthenticators: true}&#10;Session ID: 8ab134f73d46ff802238d010fe5ee4bf" type="org.openqa.selenium.NoSuchSessionException"><![CDATA[org.openqa.selenium.NoSuchSessionException: 
invalid session id
Build info: version: '4.4.0', revision: 'e5c75ed026a'
System info: host: 'Saarthi-C02G99Q2Q6L4.local', ip: '2409:40f2:26:8c51:84b2:6990:d89e:678%en0', os.name: 'Mac OS X', os.arch: 'x86_64', os.version: '12.4', java.version: '1.8.0_361'
Driver info: org.openqa.selenium.chrome.ChromeDriver
Command: [8ab134f73d46ff802238d010fe5ee4bf, findElement {using=xpath, value=//select[@title='Search in']}]
Capabilities {acceptInsecureCerts: false, browserName: chrome, browserVersion: 113.0.5672.126, chrome: {chromedriverVersion: 113.0.5672.63 (0e1a4471d5ae..., userDataDir: /var/folders/38/0wmr0nvn5wd...}, goog:chromeOptions: {debuggerAddress: localhost:55759}, networkConnectionEnabled: false, pageLoadStrategy: normal, platformName: MAC, proxy: Proxy(), se:cdp: ws://localhost:55759/devtoo..., se:cdpVersion: 113.0.5672.126, setWindowRect: true, strictFileInteractability: false, timeouts: {implicit: 0, pageLoad: 300000, script: 30000}, unhandledPromptBehavior: dismiss and notify, webauthn:extension:credBlob: true, webauthn:extension:largeBlob: true, webauthn:extension:minPinLength: true, webauthn:extension:prf: true, webauthn:virtualAuthenticators: true}
Session ID: 8ab134f73d46ff802238d010fe5ee4bf
	at sun.reflect.NativeConstructorAccessorImpl.newInstance0(Native Method)
	at sun.reflect.NativeConstructorAccessorImpl.newInstance(NativeConstructorAccessorImpl.java:62)
	at sun.reflect.DelegatingConstructorAccessorImpl.newInstance(DelegatingConstructorAccessorImpl.java:45)
	at java.lang.reflect.Constructor.newInstance(Constructor.java:423)
	at org.openqa.selenium.remote.codec.w3c.W3CHttpResponseCodec.createException(W3CHttpResponseCodec.java:200)
	at org.openqa.selenium.remote.codec.w3c.W3CHttpResponseCodec.decode(W3CHttpResponseCodec.java:133)
	at org.openqa.selenium.remote.codec.w3c.W3CHttpResponseCodec.decode(W3CHttpResponseCodec.java:53)
	at org.openqa.selenium.remote.HttpCommandExecutor.execute(HttpCommandExecutor.java:184)
	at org.openqa.selenium.remote.service.DriverCommandExecutor.invokeExecute(DriverCommandExecutor.java:167)
	at org.openqa.selenium.remote.service.DriverCommandExecutor.execute(DriverCommandExecutor.java:142)
	at org.openqa.selenium.remote.RemoteWebDriver.execute(RemoteWebDriver.java:547)
	at org.openqa.selenium.remote.ElementLocation$ElementFinder$2.findElement(ElementLocation.java:162)
	at org.openqa.selenium.remote.ElementLocation.findElement(ElementLocation.java:60)
	at org.openqa.selenium.remote.RemoteWebDriver.findElement(RemoteWebDriver.java:365)
	at org.openqa.selenium.remote.RemoteWebDriver.findElement(RemoteWebDriver.java:357)
	at org.openqa.selenium.support.pagefactory.DefaultElementLocator.findElement(DefaultElementLocator.java:70)
	at org.openqa.selenium.support.pagefactory.internal.LocatingElementHandler.invoke(LocatingElementHandler.java:39)
	at com.sun.proxy.$Proxy15.getTagName(Unknown Source)
	at org.openqa.selenium.support.ui.Select.<init>(Select.java:46)
	at abstractComponents.AbstractComponents.SelectOptions(AbstractComponents.java:90)
	at tests.AmazonTests.validate_SearchDropdownOptions(AmazonTests.java:38)
	at sun.reflect.NativeMethodAccessorImpl.invoke0(Native Method)
	at sun.reflect.NativeMethodAccessorImpl.invoke(NativeMethodAccessorImpl.java:62)
	at sun.reflect.DelegatingMethodAccessorImpl.invoke(DelegatingMethodAccessorImpl.java:43)
	at java.lang.reflect.Method.invoke(Method.java:498)
	at org.testng.internal.MethodInvocationHelper.invokeMethod(MethodInvocationHelper.java:86)
	at org.testng.internal.Invoker.invokeMethod(Invoker.java:643)
	at org.testng.internal.Invoker.invokeTestMethod(Invoker.java:820)
	at org.testng.internal.Invoker.invokeTestMethods(Invoker.java:1128)
	at org.testng.internal.TestMethodWorker.invokeTestMethods(TestMethodWorker.java:129)
	at org.testng.internal.TestMethodWorker.run(TestMethodWorker.java:112)
	at org.testng.TestRunner.privateRun(TestRunner.java:782)
	at org.testng.TestRunner.run(TestRunner.java:632)
	at org.testng.SuiteRunner.runTest(SuiteRunner.java:366)
	at org.testng.SuiteRunner.runSequentially(SuiteRunner.java:361)
	at org.testng.SuiteRunner.privateRun(SuiteRunner.java:319)
	at org.testng.SuiteRunner.run(SuiteRunner.java:268)
	at org.testng.SuiteRunnerWorker.runSuite(SuiteRunnerWorker.java:52)
	at org.testng.SuiteRunnerWorker.run(SuiteRunnerWorker.java:86)
	at org.testng.TestNG.runSuitesSequentially(TestNG.java:1244)
	at org.testng.TestNG.runSuitesLocally(TestNG.java:1169)
	at org.testng.TestNG.run(TestNG.java:1064)
	at org.apache.maven.surefire.testng.TestNGExecutor.run(TestNGExecutor.java:308)
	at org.apache.maven.surefire.testng.TestNGXmlTestSuite.execute(TestNGXmlTestSuite.java:71)
	at org.apache.maven.surefire.testng.TestNGProvider.invoke(TestNGProvider.java:113)
	at org.apache.maven.surefire.booter.ForkedBooter.runSuitesInProcess(ForkedBooter.java:385)
	at org.apache.maven.surefire.booter.ForkedBooter.execute(ForkedBooter.java:162)
	at org.apache.maven.surefire.booter.ForkedBooter.run(ForkedBooter.java:507)
	at org.apache.maven.surefire.booter.ForkedBooter.main(ForkedBooter.java:495)
]]></failure>
  </testcase>
  <testcase name="validate_SearchDropdownOptions" classname="tests.AmazonTests" time="0">
    <skipped/>
  </testcase>
  <testcase name="validate_SearchDropdownOptions" classname="tests.AmazonTests" time="0">
    <skipped/>
  </testcase>
  <testcase name="validate_SearchDropdownOptions" classname="tests.AmazonTests" time="0">
    <skipped/>
  </testcase>
  <testcase name="validate_SearchDropdownOptions" classname="tests.AmazonTests" time="0">
    <skipped/>
  </testcase>
  <testcase name="validate_SearchDropdownOptions" classname="tests.AmazonTests" time="0">
    <skipped/>
  </testcase>
  <testcase name="validate_SearchDropdownOptions" classname="tests.AmazonTests" time="0">
    <skipped/>
  </testcase>
  <testcase name="validate_SearchDropdownOptions" classname="tests.AmazonTests" time="0">
    <skipped/>
  </testcase>
  <testcase name="validate_SearchDropdownOptions" classname="tests.AmazonTests" time="0">
    <skipped/>
  </testcase>
  <testcase name="validate_SearchDropdownOptions" classname="tests.AmazonTests" time="0">
    <skipped/>
  </testcase>
  <testcase name="tearDown" classname="tests.AmazonTests" time="0.329">
    <failure message="invalid session id&#10;Build info: version: &apos;4.4.0&apos;, revision: &apos;e5c75ed026a&apos;&#10;System info: host: &apos;Saarthi-C02G99Q2Q6L4.local&apos;, ip: &apos;2409:40f2:26:8c51:84b2:6990:d89e:678%en0&apos;, os.name: &apos;Mac OS X&apos;, os.arch: &apos;x86_64&apos;, os.version: &apos;12.4&apos;, java.version: &apos;1.8.0_361&apos;&#10;Driver info: org.openqa.selenium.chrome.ChromeDriver&#10;Command: [8ab134f73d46ff802238d010fe5ee4bf, close {}]&#10;Capabilities {acceptInsecureCerts: false, browserName: chrome, browserVersion: 113.0.5672.126, chrome: {chromedriverVersion: 113.0.5672.63 (0e1a4471d5ae..., userDataDir: /var/folders/38/0wmr0nvn5wd...}, goog:chromeOptions: {debuggerAddress: localhost:55759}, networkConnectionEnabled: false, pageLoadStrategy: normal, platformName: MAC, proxy: Proxy(), se:cdp: ws://localhost:55759/devtoo..., se:cdpVersion: 113.0.5672.126, setWindowRect: true, strictFileInteractability: false, timeouts: {implicit: 0, pageLoad: 300000, script: 30000}, unhandledPromptBehavior: dismiss and notify, webauthn:extension:credBlob: true, webauthn:extension:largeBlob: true, webauthn:extension:minPinLength: true, webauthn:extension:prf: true, webauthn:virtualAuthenticators: true}&#10;Session ID: 8ab134f73d46ff802238d010fe5ee4bf" type="org.openqa.selenium.NoSuchSessionException"><![CDATA[org.openqa.selenium.NoSuchSessionException: 
invalid session id
Build info: version: '4.4.0', revision: 'e5c75ed026a'
System info: host: 'Saarthi-C02G99Q2Q6L4.local', ip: '2409:40f2:26:8c51:84b2:6990:d89e:678%en0', os.name: 'Mac OS X', os.arch: 'x86_64', os.version: '12.4', java.version: '1.8.0_361'
Driver info: org.openqa.selenium.chrome.ChromeDriver
Command: [8ab134f73d46ff802238d010fe5ee4bf, close {}]
Capabilities {acceptInsecureCerts: false, browserName: chrome, browserVersion: 113.0.5672.126, chrome: {chromedriverVersion: 113.0.5672.63 (0e1a4471d5ae..., userDataDir: /var/folders/38/0wmr0nvn5wd...}, goog:chromeOptions: {debuggerAddress: localhost:55759}, networkConnectionEnabled: false, pageLoadStrategy: normal, platformName: MAC, proxy: Proxy(), se:cdp: ws://localhost:55759/devtoo..., se:cdpVersion: 113.0.5672.126, setWindowRect: true, strictFileInteractability: false, timeouts: {implicit: 0, pageLoad: 300000, script: 30000}, unhandledPromptBehavior: dismiss and notify, webauthn:extension:credBlob: true, webauthn:extension:largeBlob: true, webauthn:extension:minPinLength: true, webauthn:extension:prf: true, webauthn:virtualAuthenticators: true}
Session ID: 8ab134f73d46ff802238d010fe5ee4bf
	at sun.reflect.NativeConstructorAccessorImpl.newInstance0(Native Method)
	at sun.reflect.NativeConstructorAccessorImpl.newInstance(NativeConstructorAccessorImpl.java:62)
	at sun.reflect.DelegatingConstructorAccessorImpl.newInstance(DelegatingConstructorAccessorImpl.java:45)
	at java.lang.reflect.Constructor.newInstance(Constructor.java:423)
	at org.openqa.selenium.remote.codec.w3c.W3CHttpResponseCodec.createException(W3CHttpResponseCodec.java:200)
	at org.openqa.selenium.remote.codec.w3c.W3CHttpResponseCodec.decode(W3CHttpResponseCodec.java:133)
	at org.openqa.selenium.remote.codec.w3c.W3CHttpResponseCodec.decode(W3CHttpResponseCodec.java:53)
	at org.openqa.selenium.remote.HttpCommandExecutor.execute(HttpCommandExecutor.java:184)
	at org.openqa.selenium.remote.service.DriverCommandExecutor.invokeExecute(DriverCommandExecutor.java:167)
	at org.openqa.selenium.remote.service.DriverCommandExecutor.execute(DriverCommandExecutor.java:142)
	at org.openqa.selenium.remote.RemoteWebDriver.execute(RemoteWebDriver.java:547)
	at org.openqa.selenium.remote.RemoteWebDriver.execute(RemoteWebDriver.java:602)
	at org.openqa.selenium.remote.RemoteWebDriver.execute(RemoteWebDriver.java:606)
	at org.openqa.selenium.remote.RemoteWebDriver.close(RemoteWebDriver.java:432)
	at TestComponents.BaseTest.tearDown(BaseTest.java:110)
	at sun.reflect.NativeMethodAccessorImpl.invoke0(Native Method)
	at sun.reflect.NativeMethodAccessorImpl.invoke(NativeMethodAccessorImpl.java:62)
	at sun.reflect.DelegatingMethodAccessorImpl.invoke(DelegatingMethodAccessorImpl.java:43)
	at java.lang.reflect.Method.invoke(Method.java:498)
	at org.testng.internal.MethodInvocationHelper.invokeMethod(MethodInvocationHelper.java:86)
	at org.testng.internal.Invoker.invokeConfigurationMethod(Invoker.java:514)
	at org.testng.internal.Invoker.invokeConfigurations(Invoker.java:215)
	at org.testng.internal.Invoker.invokeMethod(Invoker.java:707)
	at org.testng.internal.Invoker.invokeTestMethod(Invoker.java:820)
	at org.testng.internal.Invoker.invokeTestMethods(Invoker.java:1128)
	at org.testng.internal.TestMethodWorker.invokeTestMethods(TestMethodWorker.java:129)
	at org.testng.internal.TestMethodWorker.run(TestMethodWorker.java:112)
	at org.testng.TestRunner.privateRun(TestRunner.java:782)
	at org.testng.TestRunner.run(TestRunner.java:632)
	at org.testng.SuiteRunner.runTest(SuiteRunner.java:366)
	at org.testng.SuiteRunner.runSequentially(SuiteRunner.java:361)
	at org.testng.SuiteRunner.privateRun(SuiteRunner.java:319)
	at org.testng.SuiteRunner.run(SuiteRunner.java:268)
	at org.testng.SuiteRunnerWorker.runSuite(SuiteRunnerWorker.java:52)
	at org.testng.SuiteRunnerWorker.run(SuiteRunnerWorker.java:86)
	at org.testng.TestNG.runSuitesSequentially(TestNG.java:1244)
	at org.testng.TestNG.runSuitesLocally(TestNG.java:1169)
	at org.testng.TestNG.run(TestNG.java:1064)
	at org.apache.maven.surefire.testng.TestNGExecutor.run(TestNGExecutor.java:308)
	at org.apache.maven.surefire.testng.TestNGXmlTestSuite.execute(TestNGXmlTestSuite.java:71)
	at org.apache.maven.surefire.testng.TestNGProvider.invoke(TestNGProvider.java:113)
	at org.apache.maven.surefire.booter.ForkedBooter.runSuitesInProcess(ForkedBooter.java:385)
	at org.apache.maven.surefire.booter.ForkedBooter.execute(ForkedBooter.java:162)
	at org.apache.maven.surefire.booter.ForkedBooter.run(ForkedBooter.java:507)
	at org.apache.maven.surefire.booter.ForkedBooter.main(ForkedBooter.java:495)
]]></failure>
  </testcase>
  <testcase name="tearDown" classname="tests.AmazonTests" time="0">
    <skipped/>
  </testcase>
  <testcase name="tearDown" classname="tests.AmazonTests" time="0">
    <skipped/>
  </testcase>
  <testcase name="tearDown" classname="tests.AmazonTests" time="0">
    <skipped/>
  </testcase>
  <testcase name="tearDown" classname="tests.AmazonTests" time="0">
    <skipped/>
  </testcase>
  <testcase name="tearDown" classname="tests.AmazonTests" time="0">
    <skipped/>
  </testcase>
  <testcase name="tearDown" classname="tests.AmazonTests" time="0">
    <skipped/>
  </testcase>
  <testcase name="tearDown" classname="tests.AmazonTests" time="0">
    <skipped/>
  </testcase>
  <testcase name="tearDown" classname="tests.AmazonTests" time="0">
    <skipped/>
  </testcase>
  <testcase name="tearDown" classname="tests.AmazonTests" time="0">
    <skipped/>
  </testcase>
  <testcase name="tearDown" classname="tests.AmazonTests" time="0">
    <skipped/>
  </testcase>
  <testcase name="tearDown" classname="tests.AmazonTests" time="0">
    <skipped/>
  </testcase>
  <testcase name="tearDown" classname="tests.AmazonTests" time="0">
    <skipped/>
  </testcase>
  <testcase name="tearDown" classname="tests.AmazonTests" time="0">
    <skipped/>
  </testcase>
  <testcase name="methodName" classname="tests.AmazonTests" time="0">
    <skipped/>
  </testcase>
  <testcase name="methodName" classname="tests.AmazonTests" time="0">
    <skipped/>
  </testcase>
  <testcase name="methodName" classname="tests.AmazonTests" time="0">
    <skipped/>
  </testcase>
  <testcase name="methodName" classname="tests.AmazonTests" time="0">
    <skipped/>
  </testcase>
  <testcase name="methodName" classname="tests.AmazonTests" time="0">
    <skipped/>
  </testcase>
  <testcase name="methodName" classname="tests.AmazonTests" time="0">
    <skipped/>
  </testcase>
  <testcase name="methodName" classname="tests.AmazonTests" time="0">
    <skipped/>
  </testcase>
  <testcase name="methodName" classname="tests.AmazonTests" time="0">
    <skipped/>
  </testcase>
  <testcase name="methodName" classname="tests.AmazonTests" time="0">
    <skipped/>
  </testcase>
  <testcase name="methodName" classname="tests.AmazonTests" time="0">
    <skipped/>
  </testcase>
  <testcase name="methodName" classname="tests.AmazonTests" time="0">
    <skipped/>
  </testcase>
  <testcase name="methodName" classname="tests.AmazonTests" time="0">
    <skipped/>
  </testcase>
  <testcase name="validate_SelectitemfromDropdown[Electronics](1)" classname="tests.AmazonTests" time="0">
    <skipped/>
  </testcase>
  <testcase name="validate_SelectitemfromDropdown[Books](2)" classname="tests.AmazonTests" time="0">
    <skipped/>
  </testcase>
  <testcase name="validate_pageTitle" classname="tests.AmazonTests" time="0">
    <skipped/>
  </testcase>
</testsuite>